nohup: ignoring input
[info] welcome to sbt 1.9.7 (Microsoft Java 25.0.1)
[info] loading settings for project reactive-manifiesto-build from plugins.sbt ...
[info] loading project definition from /workspaces/Reactive-Manifiesto/project
[info] loading settings for project root from build.sbt ...
[info]   __              __
[info]   \ \     ____   / /____ _ __  __
[info]    \ \   / __ \ / // __ `// / / /
[info]    / /  / /_/ // // /_/ // /_/ /
[info]   /_/  / .___//_/ \__,_/ \__, /
[info]       /_/               /____/
[info] 
[info] Version 3.0.1 running Java 25.0.1
[info] 
[info] Play is run entirely by the community. Please consider contributing and/or donating:
[info] https://www.playframework.com/sponsors
[info] 
[info] !!!!!!!!!!!!!!!!!!!!!!!!!!!!!!!!!!!!!!!!!!!!!!!!!!!!!!!
[info]   Java version is 25. Play supports only Java 11, 17 and 21.
[info] !!!!!!!!!!!!!!!!!!!!!!!!!!!!!!!!!!!!!!!!!!!!!!!!!!!!!!!
[info] 

[35m--- (Running the application, auto-reloading is enabled) ---[0m

[34mINFO [0;39m p.c.s.PekkoHttpServer - Listening for HTTP on /[0:0:0:0:0:0:0:0]:9000

[32m(Server started, use Enter to stop and go back to the console...)[0m

Exception in thread "Thread-965" java.io.IOException: Bad file descriptor
	at java.base/java.io.FileInputStream.readBytes(Native Method)
	at java.base/java.io.FileInputStream.read(FileInputStream.java:281)
	at java.base/java.lang.System$In.read(System.java:1871)
	at java.base/java.io.BufferedInputStream.fill(BufferedInputStream.java:289)
	at java.base/java.io.BufferedInputStream.read(BufferedInputStream.java:308)
	at sbt.internal.util.Terminal$proxyInputStream$ReadThread.readFrom$1(Terminal.scala:692)
	at sbt.internal.util.Terminal$proxyInputStream$ReadThread.run(Terminal.scala:706)
[info] compiling 1 Scala source to /workspaces/Reactive-Manifiesto/target/scala-2.13/classes ...
[info] done compiling
[info] compiling 3 Scala sources to /workspaces/Reactive-Manifiesto/target/scala-2.13/classes ...
[info] done compiling
[34mINFO [0;39m p.a.h.HttpErrorHandlerExceptions - Registering exception handler: guice-provision-exception-handler
22:58:07.878 [play-dev-mode-pekko.actor.default-dispatcher-9] INFO  play.api.http.EnabledFilters - Enabled Filters (see <https://www.playframework.com/documentation/latest/Filters>):

    play.filters.csrf.CSRFFilter
    play.filters.headers.SecurityHeadersFilter
    play.filters.hosts.AllowedHostsFilter
    play.filters.cors.CORSFilter

22:58:08.164 [play-dev-mode-pekko.actor.default-dispatcher-9] INFO  play.api.Play - Application started (Dev) (no global state)
